<?xml version="1.0" encoding="UTF-8"?>
<testsuite xmlns:xsi="http://www.w3.org/2001/XMLSchema-instance" xsi:noNamespaceSchemaLocation="https://maven.apache.org/surefire/maven-surefire-plugin/xsd/surefire-test-report-3.0.xsd" version="3.0" name="com.spring.project.demo.DemoApplicationTests" time="3.737" tests="1" errors="0" skipped="0" failures="0">
  <properties>
[...]
</properties>
  <testcase name="contextLoads" classname="com.spring.project.demo.DemoApplicationTests" time="1.381">
    <system-out><![CDATA[14:06:20.166 [main] INFO org.springframework.test.context.support.AnnotationConfigContextLoaderUtils -- Could not detect default configuration classes for test class [com.spring.project.demo.DemoApplicationTests]: DemoApplicationTests does not declare any static, non-private, non-final, nested classes annotated with @Configuration.
14:06:20.340 [main] INFO org.springframework.boot.test.context.SpringBootTestContextBootstrapper -- Found @SpringBootConfiguration com.spring.project.demo.DemoApplication for test class com.spring.project.demo.DemoApplicationTests

  .   ____          _            __ _ _
 /\\ / ___'_ __ _ _(_)_ __  __ _ \ \ \ \
( ( )\___ | '_ | '_| | '_ \/ _` | \ \ \ \
 \\/  ___)| |_)| | | | | || (_| |  ) ) ) )
  '  |____| .__|_| |_|_| |_\__, | / / / /
 =========|_|==============|___/=/_/_/_/
 :: Spring Boot ::                (v3.1.5)

2023-12-12T14:06:20.861+05:30  INFO 18560 --- [           main] c.s.project.demo.DemoApplicationTests    : Starting DemoApplicationTests using Java 17.0.3 with PID 18560 (started by charanm-m in D:\springboot\demo)
2023-12-12T14:06:20.862+05:30  INFO 18560 --- [           main] c.s.project.demo.DemoApplicationTests    : No active profile set, falling back to 1 default profile: "default"
2023-12-12T14:06:22.215+05:30  INFO 18560 --- [           main] c.s.project.demo.DemoApplicationTests    : Started DemoApplicationTests in 1.638 seconds (process running for 3.609)
]]></system-out>
  </testcase>
</testsuite>